
                                      ARENA Simulation Results
                                       ahsanmasum46@yahoo.com

                                  Summary for Replication 1 of 1

Project: Unnamed Project                                             Run execution date : 2/ 7/2021
Analyst: ahsanmasum46@yahoo.com                                      Model revision date: 2/ 7/2021

Replication ended at time      : 14.0 Hours 
Base Time Units: Hours

                                           TALLY VARIABLES

Identifier                                  Average   Half Width  Minimum    Maximum   Observations
___________________________________________________________________________________________________

Vehicle.VATime                              .19232     (Insuf)    .13911     .24007         72    
Vehicle.NVATime                             .00000     (Insuf)    .00000     .00000         72    
Vehicle.WaitTime                            2.2081     (Insuf)    .00000     4.4362         72    
Vehicle.TranTime                            .00000     (Insuf)    .00000     .00000         72    
Vehicle.OtherTime                           .00000     (Insuf)    .00000     .00000         72    
Vehicle.TotalTime                           2.4004     (Insuf)    .17999     4.6368         72    
Carwash System.Queue.WaitingTime            2.2405     (Insuf)    .00000     4.5684         73    

                                     DISCRETE-CHANGE VARIABLES

Identifier                                  Average   Half Width  Minimum    Maximum   Final Value
___________________________________________________________________________________________________

Vehicle.WIP                                 17.851     (Insuf)    .00000     36.000     34.000    
Carwash.NumberBusy                          1.0000     (Insuf)    .00000     1.0000     1.0000    
Carwash.NumberScheduled                     1.0000     (Insuf)    1.0000     1.0000     1.0000    
Carwash.Utilization                         1.0000     (Insuf)    .00000     1.0000     1.0000    
Carwash System.Queue.NumberInQueue          16.851     (Insuf)    .00000     35.000     33.000    

                                             OUTPUTS

Identifier                                   Value
_____________________________________________________________

Vehicle.NumberIn                            106.00    
Vehicle.NumberOut                           72.000    
Carwash.NumberSeized                        73.000    
Carwash.ScheduledUtilization                1.0000    
System.NumberOut                            72.000    


Simulation run time: 0.10 minutes.
Simulation run complete.
