
                                      ARENA Simulation Results
                                       ahsanmasum46@yahoo.com

                                  Summary for Replication 1 of 1

Project: Unnamed Project                                             Run execution date : 3/ 4/2021
Analyst: ahsanmasum46@yahoo.com                                      Model revision date: 3/ 4/2021

Replication ended at time      : 5000.0 Hours 
Base Time Units: Hours

                                           TALLY VARIABLES

Identifier                                  Average   Half Width  Minimum    Maximum   Observations
___________________________________________________________________________________________________

Part Types 1.VATime                         9.3382     .21457     2.8419     14.788        429    
Part Types 1.NVATime                        .00000     .00000     .00000     .00000        429    
Part Types 1.WaitTime                       .02524     .01880     .00000     2.5306        429    
Part Types 1.TranTime                       .00000     .00000     .00000     .00000        429    
Part Types 1.OtherTime                      .00000     .00000     .00000     .00000        429    
Part Types 1.TotalTime                      9.3634     .21923     3.6331     14.788        429    
New Operator.Queue.WaitingTime              .02380     .01720     .00000     2.3441        429    
Queue Waiting.Queue.WaitingTime             .00143     .00305     .00000     .61604        430    

                                     DISCRETE-CHANGE VARIABLES

Identifier                                  Average   Half Width  Minimum    Maximum   Final Value
___________________________________________________________________________________________________

Part Types 1.WIP                            .80399     .02558     .00000     2.0000     1.0000    
Processing.NumberBusy                       .40825     .01435     .00000     1.0000     1.0000    
Processing.NumberScheduled                  1.0000     (Insuf)    1.0000     1.0000     1.0000    
Processing.Utilization                      .40825     .01435     .00000     1.0000     1.0000    
Processing Operation.NumberBusy             .39357     .02011     .00000     1.0000     .00000    
Processing Operation.NumberScheduled        1.0000     (Insuf)    1.0000     1.0000     1.0000    
Processing Operation.Utilization            .39357     .02011     .00000     1.0000     .00000    
New Operator.Queue.NumberInQueue            .00204     (Insuf)    .00000     1.0000     .00000    
Queue Waiting.Queue.NumberInQueue            1.2321E-4 (Insuf)    .00000     1.0000     .00000    

                                             OUTPUTS

Identifier                                   Value
_____________________________________________________________

Part Types 1.NumberIn                       430.00    
Part Types 1.NumberOut                      429.00    
Processing.NumberSeized                     430.00    
Processing.ScheduledUtilization             .40825    
Processing Operation.NumberSeized           429.00    
Processing Operation.ScheduledUtilization   .39357    
System.NumberOut                            429.00    


Simulation run time: 0.45 minutes.
Simulation run complete.
