
                                      ARENA Simulation Results
                                       ahsanmasum46@yahoo.com

                                  Summary for Replication 1 of 1

Project: Unnamed Project                                             Run execution date : 2/20/2021
Analyst: ahsanmasum46@yahoo.com                                      Model revision date: 2/20/2021

Replication ended at time      : 0.0 Hours 
Base Time Units: Hours

                                           TALLY VARIABLES

Identifier                                  Average   Half Width  Minimum    Maximum   Observations
___________________________________________________________________________________________________

Product.VATime                                  --         --         --         --          0
Product.NVATime                                 --         --         --         --          0
Product.WaitTime                                --         --         --         --          0
Product.TranTime                                --         --         --         --          0
Product.OtherTime                               --         --         --         --          0
Product.TotalTime                               --         --         --         --          0
Repair Station.Queue.WaitingTime                --         --         --         --          0
Inspection Station.Queue.WaitingTime            --         --         --         --          0

                                     DISCRETE-CHANGE VARIABLES

Identifier                                  Average   Half Width  Minimum    Maximum   Final Value
___________________________________________________________________________________________________

Product.WIP                                 .00000     (Insuf)    .00000     .00000     .00000    
Verify.NumberBusy                           .00000     (Insuf)    .00000     .00000     .00000    
Verify.NumberScheduled                      .00000     (Insuf)    1.0000     1.0000     1.0000    
Verify.Utilization                          .00000     (Insuf)    .00000     .00000     .00000    
Repair.NumberBusy                           .00000     (Insuf)    .00000     .00000     .00000    
Repair.NumberScheduled                      .00000     (Insuf)    1.0000     1.0000     1.0000    
Repair.Utilization                          .00000     (Insuf)    .00000     .00000     .00000    
Repair Station.Queue.NumberInQueue          .00000     (Insuf)    .00000     .00000     .00000    
Inspection Station.Queue.NumberInQueue      .00000     (Insuf)    .00000     .00000     .00000    

                                             OUTPUTS

Identifier                                   Value
_____________________________________________________________

Product.NumberIn                            .00000    
Product.NumberOut                           .00000    
Verify.NumberSeized                         .00000    
Verify.ScheduledUtilization                 .00000    
Repair.NumberSeized                         .00000    
Repair.ScheduledUtilization                 .00000    
System.NumberOut                            .00000    


Simulation run time: 0.92 minutes.
Simulation run complete.
